# JRE version: Java(TM) SE Runtime Environment (8.0_77-b03) (build 1.8.0_77-b03)
# Java VM: Java HotSpot(TM) Client VM (25.77-b03 mixed mode windows-x86 )
Heap:
 def new generation   total 7104K, used 3680K [0x04400000, 0x04bb0000, 0x09950000)
  eden space 6336K,  45% used [0x04400000, 0x046d8020, 0x04a30000)
  from space 768K, 100% used [0x04a30000, 0x04af0000, 0x04af0000)
  to   space 768K,   0% used [0x04af0000, 0x04af0000, 0x04bb0000)
 tenured generation   total 15688K, used 13112K [0x09950000, 0x0a8a2000, 0x14400000)
   the space 15688K,  83% used [0x09950000, 0x0a61e290, 0x0a61e400, 0x0a8a2000)
 Metaspace       used 21175K, capacity 21549K, committed 21632K, reserved 21888K
GC Heap History (10 events):
Event: 2.954 GC heap before
{Heap before GC invocations=25 (full 2):
 def new generation   total 7104K, used 7103K [0x04400000, 0x04bb0000, 0x09950000)
  eden space 6336K, 100% used [0x04400000, 0x04a30000, 0x04a30000)
  from space 768K,  99% used [0x04af0000, 0x04bafff8, 0x04bb0000)
  to   space 768K,   0% used [0x04a30000, 0x04a30000, 0x04af0000)
 tenured generation   total 15688K, used 10087K [0x09950000, 0x0a8a2000, 0x14400000)
   the space 15688K,  64% used [0x09950000, 0x0a329e90, 0x0a32a000, 0x0a8a2000)
 Metaspace       used 16848K, capacity 17176K, committed 17280K, reserved 17792K
Event: 2.957 GC heap after
Heap after GC invocations=26 (full 2):
 def new generation   total 7104K, used 768K [0x04400000, 0x04bb0000, 0x09950000)
  eden space 6336K,   0% used [0x04400000, 0x04400000, 0x04a30000)
  from space 768K, 100% used [0x04a30000, 0x04af0000, 0x04af0000)
  to   space 768K,   0% used [0x04af0000, 0x04af0000, 0x04bb0000)
 tenured generation   total 15688K, used 10837K [0x09950000, 0x0a8a2000, 0x14400000)
   the space 15688K,  69% used [0x09950000, 0x0a3e5600, 0x0a3e5600, 0x0a8a2000)
 Metaspace       used 16848K, capacity 17176K, committed 17280K, reserved 17792K
}
Event: 3.089 GC heap before
{Heap before GC invocations=26 (full 2):
 def new generation   total 7104K, used 7104K [0x04400000, 0x04bb0000, 0x09950000)
  eden space 6336K, 100% used [0x04400000, 0x04a30000, 0x04a30000)
  from space 768K, 100% used [0x04a30000, 0x04af0000, 0x04af0000)
  to   space 768K,   0% used [0x04af0000, 0x04af0000, 0x04bb0000)
 tenured generation   total 15688K, used 10837K [0x09950000, 0x0a8a2000, 0x14400000)
   the space 15688K,  69% used [0x09950000, 0x0a3e5600, 0x0a3e5600, 0x0a8a2000)
 Metaspace       used 17668K, capacity 17976K, committed 18176K, reserved 18816K
Event: 3.093 GC heap after
Heap after GC invocations=27 (full 2):
 def new generation   total 7104K, used 768K [0x04400000, 0x04bb0000, 0x09950000)
  eden space 6336K,   0% used [0x04400000, 0x04400000, 0x04a30000)
  from space 768K, 100% used [0x04af0000, 0x04bb0000, 0x04bb0000)
  to   space 768K,   0% used [0x04a30000, 0x04a30000, 0x04af0000)
 tenured generation   total 15688K, used 11364K [0x09950000, 0x0a8a2000, 0x14400000)
   the space 15688K,  72% used [0x09950000, 0x0a4693c0, 0x0a469400, 0x0a8a2000)
 Metaspace       used 17668K, capacity 17976K, committed 18176K, reserved 18816K
}
Event: 3.220 GC heap before
{Heap before GC invocations=27 (full 2):
 def new generation   total 7104K, used 7080K [0x04400000, 0x04bb0000, 0x09950000)
  eden space 6336K,  99% used [0x04400000, 0x04a2a3b8, 0x04a30000)
  from space 768K, 100% used [0x04af0000, 0x04bb0000, 0x04bb0000)
  to   space 768K,   0% used [0x04a30000, 0x04a30000, 0x04af0000)
 tenured generation   total 15688K, used 11364K [0x09950000, 0x0a8a2000, 0x14400000)
   the space 15688K,  72% used [0x09950000, 0x0a4693c0, 0x0a469400, 0x0a8a2000)
 Metaspace       used 18328K, capacity 18648K, committed 18816K, reserved 18816K
Event: 3.223 GC heap after
Heap after GC invocations=28 (full 2):
 def new generation   total 7104K, used 767K [0x04400000, 0x04bb0000, 0x09950000)
  eden space 6336K,   0% used [0x04400000, 0x04400000, 0x04a30000)
  from space 768K,  99% used [0x04a30000, 0x04aefff8, 0x04af0000)
  to   space 768K,   0% used [0x04af0000, 0x04af0000, 0x04bb0000)
 tenured generation   total 15688K, used 11918K [0x09950000, 0x0a8a2000, 0x14400000)
   the space 15688K,  75% used [0x09950000, 0x0a4f39a0, 0x0a4f3a00, 0x0a8a2000)
 Metaspace       used 18328K, capacity 18648K, committed 18816K, reserved 18816K
}
Event: 3.364 GC heap before
{Heap before GC invocations=28 (full 2):
 def new generation   total 7104K, used 7103K [0x04400000, 0x04bb0000, 0x09950000)
  eden space 6336K, 100% used [0x04400000, 0x04a30000, 0x04a30000)
  from space 768K,  99% used [0x04a30000, 0x04aefff8, 0x04af0000)
  to   space 768K,   0% used [0x04af0000, 0x04af0000, 0x04bb0000)
 tenured generation   total 15688K, used 11918K [0x09950000, 0x0a8a2000, 0x14400000)
   the space 15688K,  75% used [0x09950000, 0x0a4f39a0, 0x0a4f3a00, 0x0a8a2000)
 Metaspace       used 19674K, capacity 19988K, committed 20096K, reserved 20864K
Event: 3.368 GC heap after
Heap after GC invocations=29 (full 2):
 def new generation   total 7104K, used 768K [0x04400000, 0x04bb0000, 0x09950000)
  eden space 6336K,   0% used [0x04400000, 0x04400000, 0x04a30000)
  from space 768K, 100% used [0x04af0000, 0x04bb0000, 0x04bb0000)
  to   space 768K,   0% used [0x04a30000, 0x04a30000, 0x04af0000)
 tenured generation   total 15688K, used 12306K [0x09950000, 0x0a8a2000, 0x14400000)
   the space 15688K,  78% used [0x09950000, 0x0a5548e0, 0x0a554a00, 0x0a8a2000)
 Metaspace       used 19674K, capacity 19988K, committed 20096K, reserved 20864K
}
Event: 3.514 GC heap before
{Heap before GC invocations=29 (full 2):
 def new generation   total 7104K, used 7104K [0x04400000, 0x04bb0000, 0x09950000)
  eden space 6336K, 100% used [0x04400000, 0x04a30000, 0x04a30000)
  from space 768K, 100% used [0x04af0000, 0x04bb0000, 0x04bb0000)
  to   space 768K,   0% used [0x04a30000, 0x04a30000, 0x04af0000)
 tenured generation   total 15688K, used 12306K [0x09950000, 0x0a8a2000, 0x14400000)
   the space 15688K,  78% used [0x09950000, 0x0a5548e0, 0x0a554a00, 0x0a8a2000)
 Metaspace       used 20658K, capacity 21022K, committed 21248K, reserved 21888K
Event: 3.518 GC heap after
Heap after GC invocations=30 (full 2):
 def new generation   total 7104K, used 768K [0x04400000, 0x04bb0000, 0x09950000)
  eden space 6336K,   0% used [0x04400000, 0x04400000, 0x04a30000)
  from space 768K, 100% used [0x04a30000, 0x04af0000, 0x04af0000)
  to   space 768K,   0% used [0x04af0000, 0x04af0000, 0x04bb0000)
 tenured generation   total 15688K, used 13112K [0x09950000, 0x0a8a2000, 0x14400000)
   the space 15688K,  83% used [0x09950000, 0x0a61e290, 0x0a61e400, 0x0a8a2000)
 Metaspace       used 20658K, capacity 21022K, committed 21248K, reserved 21888K
}

